#
# There is insufficient memory for the Java Runtime Environment to continue.
# Native memory allocation (malloc) failed to allocate 93568 bytes for Chunk::new
# Possible reasons:
#   The system is out of physical RAM or swap space
#   The process is running with CompressedOops enabled, and the Java Heap may be blocking the growth of the native heap
# Possible solutions:
#   Reduce memory load on the system
#   Increase physical memory or swap space
#   Check if swap backing store is full
#   Decrease Java heap size (-Xmx/-Xms)
#   Decrease number of Java threads
#   Decrease Java thread stack sizes (-Xss)
#   Set larger code cache with -XX:ReservedCodeCacheSize=
#   JVM is running with Unscaled Compressed Oops mode in which the Java heap is
#     placed in the first 4GB address space. The Java Heap base address is the
#     maximum limit for the native heap growth. Please use -XX:HeapBaseMinAddress
#     to set the Java Heap base and to place the Java Heap above 4GB virtual address.
# This output file may be truncated or incomplete.
#
#  Out of Memory Error (arena.cpp:189), pid=13136, tid=17412
#
# JRE version:  (17.0.7) (build )
# Java VM: OpenJDK 64-Bit Server VM (17.0.7+0-b2043.56-10550314, mixed mode, tiered, compressed oops, compressed class ptrs, g1 gc, windows-amd64)
# No core dump will be written. Minidumps are not enabled by default on client versions of Windows
#

---------------  S U M M A R Y ------------

Command Line: 

Host: Intel(R) Core(TM) i5-6200U CPU @ 2.30GHz, 4 cores, 3G,  Windows 11 , 64 bit Build 22621 (10.0.22621.5415)
Time: Tue Jun 24 11:45:06 2025 W. Central Africa Standard Time elapsed time: 0.147741 seconds (0d 0h 0m 0s)

---------------  T H R E A D  ---------------

Current thread (0x000001a6587adda0):  JavaThread "main" [_thread_in_vm, id=17412, stack(0x0000007312b00000,0x0000007312c00000)]

Stack: [0x0000007312b00000,0x0000007312c00000]
Native frames: (J=compiled Java code, j=interpreted, Vv=VM code, C=native code)
V  [jvm.dll+0x683bfa]
V  [jvm.dll+0x8430a4]
V  [jvm.dll+0x8449be]
V  [jvm.dll+0x845023]
V  [jvm.dll+0x24ad2f]
V  [jvm.dll+0xac25c]
V  [jvm.dll+0xac82c]
V  [jvm.dll+0x1f6b7a]
V  [jvm.dll+0x1f56d2]
V  [jvm.dll+0x7bcb6b]
V  [jvm.dll+0x7bdfb2]
V  [jvm.dll+0x7be2e8]
V  [jvm.dll+0x2429be]
V  [jvm.dll+0x242c0f]
V  [jvm.dll+0x568108]
V  [jvm.dll+0x56b047]
V  [jvm.dll+0x38a0f4]
V  [jvm.dll+0x38975f]
C  0x000001a6649ba443

Java frames: (J=compiled Java code, j=interpreted, Vv=VM code)
j  java.nio.Buffer.<clinit>()V+22 java.base
v  ~StubRoutines::call_stub
j  sun.nio.cs.StreamEncoder.<init>(Ljava/io/OutputStream;Ljava/lang/Object;Ljava/nio/charset/CharsetEncoder;)V+42 java.base
j  sun.nio.cs.StreamEncoder.<init>(Ljava/io/OutputStream;Ljava/lang/Object;Ljava/nio/charset/Charset;)V+19 java.base
j  sun.nio.cs.StreamEncoder.forOutputStreamWriter(Ljava/io/OutputStream;Ljava/lang/Object;Ljava/nio/charset/Charset;)Lsun/nio/cs/StreamEncoder;+7 java.base
j  java.io.OutputStreamWriter.<init>(Ljava/io/OutputStream;)V+11 java.base
j  java.io.PrintStream.<init>(ZLjava/io/OutputStream;)V+26 java.base
j  java.io.PrintStream.<init>(Ljava/io/OutputStream;Z)V+11 java.base
j  java.lang.System.newPrintStream(Ljava/io/FileOutputStream;Ljava/lang/String;)Ljava/io/PrintStream;+42 java.base
j  java.lang.System.initPhase1()V+92 java.base
v  ~StubRoutines::call_stub

---------------  P R O C E S S  ---------------

Threads class SMR info:
_java_thread_list=0x000001a6714e8830, length=3, elements={
0x000001a6587adda0, 0x000001a6714e9310, 0x000001a6714ea180
}

Java Threads: ( => current thread )
=>0x000001a6587adda0 JavaThread "main" [_thread_in_vm, id=17412, stack(0x0000007312b00000,0x0000007312c00000)]
  0x000001a6714e9310 JavaThread "Reference Handler" daemon [_thread_blocked, id=13748, stack(0x0000007313200000,0x0000007313300000)]
  0x000001a6714ea180 JavaThread "Finalizer" daemon [_thread_blocked, id=16036, stack(0x0000007313300000,0x0000007313400000)]

Other Threads:
  0x000001a6714e5050 VMThread "VM Thread" [stack: 0x0000007313100000,0x0000007313200000] [id=15376]
  0x000001a6587e89f0 GCTaskThread "GC Thread#0" [stack: 0x0000007312c00000,0x0000007312d00000] [id=3096]
  0x000001a6587f13b0 ConcurrentGCThread "G1 Main Marker" [stack: 0x0000007312d00000,0x0000007312e00000] [id=19540]
  0x000001a6587f1dc0 ConcurrentGCThread "G1 Conc#0" [stack: 0x0000007312e00000,0x0000007312f00000] [id=1484]
  0x000001a65882f0f0 ConcurrentGCThread "G1 Refine#0" [stack: 0x0000007312f00000,0x0000007313000000] [id=3908]
  0x000001a65882fb10 ConcurrentGCThread "G1 Service" [stack: 0x0000007313000000,0x0000007313100000] [id=4344]

Threads with active compile tasks:

VM state: not at safepoint (normal execution)

VM Mutex/Monitor currently owned by a thread: None

Heap address: 0x00000000c2c00000, size: 980 MB, Compressed Oops mode: 32-bit

CDS archive(s) not mapped
Compressed class space mapped at: 0x0000000100000000-0x0000000140000000, reserved size: 1073741824
Narrow klass base: 0x0000000000000000, Narrow klass shift: 3, Narrow klass range: 0x140000000

GC Precious Log:
 CPUs: 4 total, 4 available
 Memory: 3916M
 Large Page Support: Disabled
 NUMA Support: Disabled
 Compressed Oops: Enabled (32-bit)
 Heap Region Size: 1M
 Heap Min Capacity: 8M
 Heap Initial Capacity: 62M
 Heap Max Capacity: 980M
 Pre-touch: Disabled
 Parallel Workers: 4
 Concurrent Workers: 1
 Concurrent Refinement Workers: 4
 Periodic GC: Disabled

Heap:
 garbage-first heap   total 63488K, used 0K [0x00000000c2c00000, 0x0000000100000000)
  region size 1024K, 1 young (1024K), 0 survivors (0K)
 Metaspace       used 2520K, committed 2624K, reserved 1114112K
  class space    used 202K, committed 256K, reserved 1048576K

Heap Regions: E=young(eden), S=young(survivor), O=old, HS=humongous(starts), HC=humongous(continues), CS=collection set, F=free, OA=open archive, CA=closed archive, TAMS=top-at-mark-start (previous, next)
|   0|0x00000000c2c00000, 0x00000000c2c00000, 0x00000000c2d00000|  0%| F|  |TAMS 0x00000000c2c00000, 0x00000000c2c00000| Untracked 
|   1|0x00000000c2d00000, 0x00000000c2d00000, 0x00000000c2e00000|  0%| F|  |TAMS 0x00000000c2d00000, 0x00000000c2d00000| Untracked 
|   2|0x00000000c2e00000, 0x00000000c2e00000, 0x00000000c2f00000|  0%| F|  |TAMS 0x00000000c2e00000, 0x00000000c2e00000| Untracked 
|   3|0x00000000c2f00000, 0x00000000c2f00000, 0x00000000c3000000|  0%| F|  |TAMS 0x00000000c2f00000, 0x00000000c2f00000| Untracked 
|   4|0x00000000c3000000, 0x00000000c3000000, 0x00000000c3100000|  0%| F|  |TAMS 0x00000000c3000000, 0x00000000c3000000| Untracked 
|   5|0x00000000c3100000, 0x00000000c3100000, 0x00000000c3200000|  0%| F|  |TAMS 0x00000000c3100000, 0x00000000c3100000| Untracked 
|   6|0x00000000c3200000, 0x00000000c3200000, 0x00000000c3300000|  0%| F|  |TAMS 0x00000000c3200000, 0x00000000c3200000| Untracked 
|   7|0x00000000c3300000, 0x00000000c3300000, 0x00000000c3400000|  0%| F|  |TAMS 0x00000000c3300000, 0x00000000c3300000| Untracked 
|   8|0x00000000c3400000, 0x00000000c3400000, 0x00000000c3500000|  0%| F|  |TAMS 0x00000000c3400000, 0x00000000c3400000| Untracked 
|   9|0x00000000c3500000, 0x00000000c3500000, 0x00000000c3600000|  0%| F|  |TAMS 0x00000000c3500000, 0x00000000c3500000| Untracked 
|  10|0x00000000c3600000, 0x00000000c3600000, 0x00000000c3700000|  0%| F|  |TAMS 0x00000000c3600000, 0x00000000c3600000| Untracked 
|  11|0x00000000c3700000, 0x00000000c3700000, 0x00000000c3800000|  0%| F|  |TAMS 0x00000000c3700000, 0x00000000c3700000| Untracked 
|  12|0x00000000c3800000, 0x00000000c3800000, 0x00000000c3900000|  0%| F|  |TAMS 0x00000000c3800000, 0x00000000c3800000| Untracked 
|  13|0x00000000c3900000, 0x00000000c3900000, 0x00000000c3a00000|  0%| F|  |TAMS 0x00000000c3900000, 0x00000000c3900000| Untracked 
|  14|0x00000000c3a00000, 0x00000000c3a00000, 0x00000000c3b00000|  0%| F|  |TAMS 0x00000000c3a00000, 0x00000000c3a00000| Untracked 
|  15|0x00000000c3b00000, 0x00000000c3b00000, 0x00000000c3c00000|  0%| F|  |TAMS 0x00000000c3b00000, 0x00000000c3b00000| Untracked 
|  16|0x00000000c3c00000, 0x00000000c3c00000, 0x00000000c3d00000|  0%| F|  |TAMS 0x00000000c3c00000, 0x00000000c3c00000| Untracked 
|  17|0x00000000c3d00000, 0x00000000c3d00000, 0x00000000c3e00000|  0%| F|  |TAMS 0x00000000c3d00000, 0x00000000c3d00000| Untracked 
|  18|0x00000000c3e00000, 0x00000000c3e00000, 0x00000000c3f00000|  0%| F|  |TAMS 0x00000000c3e00000, 0x00000000c3e00000| Untracked 
|  19|0x00000000c3f00000, 0x00000000c3f00000, 0x00000000c4000000|  0%| F|  |TAMS 0x00000000c3f00000, 0x00000000c3f00000| Untracked 
|  20|0x00000000c4000000, 0x00000000c4000000, 0x00000000c4100000|  0%| F|  |TAMS 0x00000000c4000000, 0x00000000c4000000| Untracked 
|  21|0x00000000c4100000, 0x00000000c4100000, 0x00000000c4200000|  0%| F|  |TAMS 0x00000000c4100000, 0x00000000c4100000| Untracked 
|  22|0x00000000c4200000, 0x00000000c4200000, 0x00000000c4300000|  0%| F|  |TAMS 0x00000000c4200000, 0x00000000c4200000| Untracked 
|  23|0x00000000c4300000, 0x00000000c4300000, 0x00000000c4400000|  0%| F|  |TAMS 0x00000000c4300000, 0x00000000c4300000| Untracked 
|  24|0x00000000c4400000, 0x00000000c4400000, 0x00000000c4500000|  0%| F|  |TAMS 0x00000000c4400000, 0x00000000c4400000| Untracked 
|  25|0x00000000c4500000, 0x00000000c4500000, 0x00000000c4600000|  0%| F|  |TAMS 0x00000000c4500000, 0x00000000c4500000| Untracked 
|  26|0x00000000c4600000, 0x00000000c4600000, 0x00000000c4700000|  0%| F|  |TAMS 0x00000000c4600000, 0x00000000c4600000| Untracked 
|  27|0x00000000c4700000, 0x00000000c4700000, 0x00000000c4800000|  0%| F|  |TAMS 0x00000000c4700000, 0x00000000c4700000| Untracked 
|  28|0x00000000c4800000, 0x00000000c4800000, 0x00000000c4900000|  0%| F|  |TAMS 0x00000000c4800000, 0x00000000c4800000| Untracked 
|  29|0x00000000c4900000, 0x00000000c4900000, 0x00000000c4a00000|  0%| F|  |TAMS 0x00000000c4900000, 0x00000000c4900000| Untracked 
|  30|0x00000000c4a00000, 0x00000000c4a00000, 0x00000000c4b00000|  0%| F|  |TAMS 0x00000000c4a00000, 0x00000000c4a00000| Untracked 
|  31|0x00000000c4b00000, 0x00000000c4b00000, 0x00000000c4c00000|  0%| F|  |TAMS 0x00000000c4b00000, 0x00000000c4b00000| Untracked 
|  32|0x00000000c4c00000, 0x00000000c4c00000, 0x00000000c4d00000|  0%| F|  |TAMS 0x00000000c4c00000, 0x00000000c4c00000| Untracked 
|  33|0x00000000c4d00000, 0x00000000c4d00000, 0x00000000c4e00000|  0%| F|  |TAMS 0x00000000c4d00000, 0x00000000c4d00000| Untracked 
|  34|0x00000000c4e00000, 0x00000000c4e00000, 0x00000000c4f00000|  0%| F|  |TAMS 0x00000000c4e00000, 0x00000000c4e00000| Untracked 
|  35|0x00000000c4f00000, 0x00000000c4f00000, 0x00000000c5000000|  0%| F|  |TAMS 0x00000000c4f00000, 0x00000000c4f00000| Untracked 
|  36|0x00000000c5000000, 0x00000000c5000000, 0x00000000c5100000|  0%| F|  |TAMS 0x00000000c5000000, 0x00000000c5000000| Untracked 
|  37|0x00000000c5100000, 0x00000000c5100000, 0x00000000c5200000|  0%| F|  |TAMS 0x00000000c5100000, 0x00000000c5100000| Untracked 
|  38|0x00000000c5200000, 0x00000000c5200000, 0x00000000c5300000|  0%| F|  |TAMS 0x00000000c5200000, 0x00000000c5200000| Untracked 
|  39|0x00000000c5300000, 0x00000000c5300000, 0x00000000c5400000|  0%| F|  |TAMS 0x00000000c5300000, 0x00000000c5300000| Untracked 
|  40|0x00000000c5400000, 0x00000000c5400000, 0x00000000c5500000|  0%| F|  |TAMS 0x00000000c5400000, 0x00000000c5400000| Untracked 
|  41|0x00000000c5500000, 0x00000000c5500000, 0x00000000c5600000|  0%| F|  |TAMS 0x00000000c5500000, 0x00000000c5500000| Untracked 
|  42|0x00000000c5600000, 0x00000000c5600000, 0x00000000c5700000|  0%| F|  |TAMS 0x00000000c5600000, 0x00000000c5600000| Untracked 
|  43|0x00000000c5700000, 0x00000000c5700000, 0x00000000c5800000|  0%| F|  |TAMS 0x00000000c5700000, 0x00000000c5700000| Untracked 
|  44|0x00000000c5800000, 0x00000000c5800000, 0x00000000c5900000|  0%| F|  |TAMS 0x00000000c5800000, 0x00000000c5800000| Untracked 
|  45|0x00000000c5900000, 0x00000000c5900000, 0x00000000c5a00000|  0%| F|  |TAMS 0x00000000c5900000, 0x00000000c5900000| Untracked 
|  46|0x00000000c5a00000, 0x00000000c5a00000, 0x00000000c5b00000|  0%| F|  |TAMS 0x00000000c5a00000, 0x00000000c5a00000| Untracked 
|  47|0x00000000c5b00000, 0x00000000c5b00000, 0x00000000c5c00000|  0%| F|  |TAMS 0x00000000c5b00000, 0x00000000c5b00000| Untracked 
|  48|0x00000000c5c00000, 0x00000000c5c00000, 0x00000000c5d00000|  0%| F|  |TAMS 0x00000000c5c00000, 0x00000000c5c00000| Untracked 
|  49|0x00000000c5d00000, 0x00000000c5d00000, 0x00000000c5e00000|  0%| F|  |TAMS 0x00000000c5d00000, 0x00000000c5d00000| Untracked 
|  50|0x00000000c5e00000, 0x00000000c5e00000, 0x00000000c5f00000|  0%| F|  |TAMS 0x00000000c5e00000, 0x00000000c5e00000| Untracked 
|  51|0x00000000c5f00000, 0x00000000c5f00000, 0x00000000c6000000|  0%| F|  |TAMS 0x00000000c5f00000, 0x00000000c5f00000| Untracked 
|  52|0x00000000c6000000, 0x00000000c6000000, 0x00000000c6100000|  0%| F|  |TAMS 0x00000000c6000000, 0x00000000c6000000| Untracked 
|  53|0x00000000c6100000, 0x00000000c6100000, 0x00000000c6200000|  0%| F|  |TAMS 0x00000000c6100000, 0x00000000c6100000| Untracked 
|  54|0x00000000c6200000, 0x00000000c6200000, 0x00000000c6300000|  0%| F|  |TAMS 0x00000000c6200000, 0x00000000c6200000| Untracked 
|  55|0x00000000c6300000, 0x00000000c6300000, 0x00000000c6400000|  0%| F|  |TAMS 0x00000000c6300000, 0x00000000c6300000| Untracked 
|  56|0x00000000c6400000, 0x00000000c6400000, 0x00000000c6500000|  0%| F|  |TAMS 0x00000000c6400000, 0x00000000c6400000| Untracked 
|  57|0x00000000c6500000, 0x00000000c6500000, 0x00000000c6600000|  0%| F|  |TAMS 0x00000000c6500000, 0x00000000c6500000| Untracked 
|  58|0x00000000c6600000, 0x00000000c6600000, 0x00000000c6700000|  0%| F|  |TAMS 0x00000000c6600000, 0x00000000c6600000| Untracked 
|  59|0x00000000c6700000, 0x00000000c6700000, 0x00000000c6800000|  0%| F|  |TAMS 0x00000000c6700000, 0x00000000c6700000| Untracked 
|  60|0x00000000c6800000, 0x00000000c6800000, 0x00000000c6900000|  0%| F|  |TAMS 0x00000000c6800000, 0x00000000c6800000| Untracked 
|  61|0x00000000c6900000, 0x00000000c6985318, 0x00000000c6a00000| 52%| E|  |TAMS 0x00000000c6900000, 0x00000000c6900000| Complete 

Card table byte_map: [0x000001a66cc80000,0x000001a66ce70000] _byte_map_base: 0x000001a66c66a000

Marking Bits (Prev, Next): (CMBitMap*) 0x000001a6587e9000, (CMBitMap*) 0x000001a6587e9040
 Prev Bits: [0x000001a66d060000, 0x000001a66dfb0000)
 Next Bits: [0x000001a66dfb0000, 0x000001a66ef00000)

Polling page: 0x000001a658660000

Metaspace:

Usage:
  Non-class:      2.26 MB used.
      Class:    202.95 KB used.
       Both:      2.46 MB used.

Virtual space:
  Non-class space:       64.00 MB reserved,       2.31 MB (  4%) committed,  1 nodes.
      Class space:        1.00 GB reserved,     256.00 KB ( <1%) committed,  1 nodes.
             Both:        1.06 GB reserved,       2.56 MB ( <1%) committed. 

Chunk freelists:
   Non-Class:  12.00 MB
       Class:  15.75 MB
        Both:  27.75 MB

MaxMetaspaceSize: unlimited
CompressedClassSpaceSize: 1.00 GB
Initial GC threshold: 21.00 MB
Current GC threshold: 17179869184.00 GB
CDS: off
MetaspaceReclaimPolicy: balanced
 - commit_granule_bytes: 65536.
 - commit_granule_words: 8192.
 - virtual_space_node_default_size: 8388608.
 - enlarge_chunks_in_place: 1.
 - new_chunks_are_fully_committed: 0.
 - uncommit_free_chunks: 1.
 - use_allocation_guard: 0.
 - handle_deallocations: 1.


Internal statistics:

num_allocs_failed_limit: 0.
num_arena_births: 2.
num_arena_deaths: 0.
num_vsnodes_births: 2.
num_vsnodes_deaths: 0.
num_space_committed: 41.
num_space_uncommitted: 0.
num_chunks_returned_to_freelist: 0.
num_chunks_taken_from_freelist: 3.
num_chunk_merges: 0.
num_chunk_splits: 2.
num_chunks_enlarged: 0.
num_inconsistent_stats: 0.

CodeHeap 'non-profiled nmethods': size=120000Kb used=0Kb max_used=0Kb free=120000Kb
 bounds [0x000001a664f40000, 0x000001a6651b0000, 0x000001a66c470000]
CodeHeap 'profiled nmethods': size=120000Kb used=0Kb max_used=0Kb free=120000Kb
 bounds [0x000001a65d470000, 0x000001a65d6e0000, 0x000001a6649a0000]
CodeHeap 'non-nmethods': size=5760Kb used=385Kb max_used=385Kb free=5374Kb
 bounds [0x000001a6649a0000, 0x000001a664c10000, 0x000001a664f40000]
 total_blobs=180 nmethods=0 adapters=153
 compilation: enabled
              stopped_count=0, restarted_count=0
 full_count=0

Compilation events (0 events):
No events

GC Heap History (0 events):
No events

Dll operation events (1 events):
Event: 0.017 Loaded shared library C:\Program Files\Android\Android Studio\jbr\bin\java.dll

Deoptimization events (0 events):
No events

Classes unloaded (0 events):
No events

Classes redefined (0 events):
No events

Internal exceptions (0 events):
No events

VM Operations (0 events):
No events

Events (20 events):
Event: 0.140 loading class jdk/internal/reflect/DelegatingConstructorAccessorImpl done
Event: 0.140 loading class sun/nio/cs/StreamEncoder
Event: 0.140 loading class sun/nio/cs/StreamEncoder done
Event: 0.140 loading class sun/nio/cs/SingleByte$Encoder
Event: 0.140 loading class sun/nio/cs/ArrayEncoder
Event: 0.141 loading class sun/nio/cs/ArrayEncoder done
Event: 0.141 loading class java/nio/charset/CharsetEncoder
Event: 0.141 loading class java/nio/charset/CharsetEncoder done
Event: 0.141 loading class sun/nio/cs/SingleByte$Encoder done
Event: 0.141 loading class sun/nio/cs/MS1252$Holder
Event: 0.141 loading class sun/nio/cs/MS1252$Holder done
Event: 0.141 loading class java/lang/StringUTF16
Event: 0.142 loading class java/lang/StringUTF16 done
Event: 0.143 loading class sun/nio/cs/SingleByte
Event: 0.143 loading class sun/nio/cs/SingleByte done
Event: 0.143 loading class java/nio/charset/CodingErrorAction
Event: 0.143 loading class java/nio/charset/CodingErrorAction done
Event: 0.143 loading class java/nio/ByteBuffer
Event: 0.144 loading class java/nio/ByteBuffer done
Event: 0.144 loading class jdk/internal/misc/ScopedMemoryAccess


Dynamic libraries:
0x00007ff7da860000 - 0x00007ff7da86a000 	C:\Program Files\Android\Android Studio\jbr\bin\java.EXE
0x00007ff9135f0000 - 0x00007ff913807000 	C:\Windows\SYSTEM32\ntdll.dll
0x00007ff9134e0000 - 0x00007ff9135a4000 	C:\Windows\System32\KERNEL32.DLL
0x00007ff910e70000 - 0x00007ff911242000 	C:\Windows\System32\KERNELBASE.dll
0x00007ff9109c0000 - 0x00007ff910ad1000 	C:\Windows\System32\ucrtbase.dll
0x00007ff8ef0f0000 - 0x00007ff8ef107000 	C:\Program Files\Android\Android Studio\jbr\bin\jli.dll
0x00007ff913240000 - 0x00007ff9133f1000 	C:\Windows\System32\USER32.dll
0x00007ff911250000 - 0x00007ff911276000 	C:\Windows\System32\win32u.dll
0x00007ff9120c0000 - 0x00007ff9120e9000 	C:\Windows\System32\GDI32.dll
0x00007ff910ae0000 - 0x00007ff910c03000 	C:\Windows\System32\gdi32full.dll
0x00007ff910d10000 - 0x00007ff910daa000 	C:\Windows\System32\msvcp_win.dll
0x00007ff8ecd90000 - 0x00007ff8ecdab000 	C:\Program Files\Android\Android Studio\jbr\bin\VCRUNTIME140.dll
0x00007ff8ff0e0000 - 0x00007ff8ff37b000 	C:\Windows\WinSxS\amd64_microsoft.windows.common-controls_6595b64144ccf1df_6.0.22621.5415_none_270d77d17387d7da\COMCTL32.dll
0x00007ff9125c0000 - 0x00007ff912667000 	C:\Windows\System32\msvcrt.dll
0x00007ff912580000 - 0x00007ff9125b1000 	C:\Windows\System32\IMM32.DLL
0x00007ff8ff9c0000 - 0x00007ff8ff9cc000 	C:\Program Files\Android\Android Studio\jbr\bin\vcruntime140_1.dll
0x00007ff8c4ec0000 - 0x00007ff8c4f4d000 	C:\Program Files\Android\Android Studio\jbr\bin\msvcp140.dll
0x00007ff8a86a0000 - 0x00007ff8a9320000 	C:\Program Files\Android\Android Studio\jbr\bin\server\jvm.dll
0x00007ff912000000 - 0x00007ff9120b1000 	C:\Windows\System32\ADVAPI32.dll
0x00007ff912260000 - 0x00007ff912308000 	C:\Windows\System32\sechost.dll
0x00007ff9106e0000 - 0x00007ff910708000 	C:\Windows\System32\bcrypt.dll
0x00007ff912310000 - 0x00007ff912424000 	C:\Windows\System32\RPCRT4.dll
0x00007ff8ecfa0000 - 0x00007ff8ecfa9000 	C:\Windows\SYSTEM32\WSOCK32.dll
0x00007ff9121b0000 - 0x00007ff912221000 	C:\Windows\System32\WS2_32.dll
0x00007ff90ce10000 - 0x00007ff90ce44000 	C:\Windows\SYSTEM32\WINMM.dll
0x00007ff909460000 - 0x00007ff90946a000 	C:\Windows\SYSTEM32\VERSION.dll
0x00007ff90f710000 - 0x00007ff90f728000 	C:\Windows\SYSTEM32\kernel.appcore.dll
0x00007ff8ff870000 - 0x00007ff8ff87a000 	C:\Program Files\Android\Android Studio\jbr\bin\jimage.dll
0x00007ff909a40000 - 0x00007ff909c73000 	C:\Windows\SYSTEM32\DBGHELP.DLL
0x00007ff911a80000 - 0x00007ff911e13000 	C:\Windows\System32\combase.dll
0x00007ff913400000 - 0x00007ff9134d7000 	C:\Windows\System32\OLEAUT32.dll
0x00007ff8ef490000 - 0x00007ff8ef4c2000 	C:\Windows\SYSTEM32\dbgcore.DLL
0x00007ff910c90000 - 0x00007ff910d0b000 	C:\Windows\System32\bcryptPrimitives.dll
0x00007ff8ebc60000 - 0x00007ff8ebc85000 	C:\Program Files\Android\Android Studio\jbr\bin\java.dll
0x00007ff8ebdd0000 - 0x00007ff8ebde8000 	C:\Program Files\Android\Android Studio\jbr\bin\zip.dll
0x00007ff912780000 - 0x00007ff913022000 	C:\Windows\System32\SHELL32.dll
0x00007ff910880000 - 0x00007ff9109bf000 	C:\Windows\System32\wintypes.dll
0x00007ff90e610000 - 0x00007ff90ef2e000 	C:\Windows\SYSTEM32\windows.storage.dll
0x00007ff912670000 - 0x00007ff91277b000 	C:\Windows\System32\SHCORE.dll
0x00007ff913030000 - 0x00007ff913099000 	C:\Windows\System32\shlwapi.dll
0x00007ff910610000 - 0x00007ff91063b000 	C:\Windows\SYSTEM32\profapi.dll

dbghelp: loaded successfully - version: 4.0.5 - missing functions: none
symbol engine: initialized successfully - sym options: 0x614 - pdb path: .;C:\Program Files\Android\Android Studio\jbr\bin;C:\Windows\SYSTEM32;C:\Windows\WinSxS\amd64_microsoft.windows.common-controls_6595b64144ccf1df_6.0.22621.5415_none_270d77d17387d7da;C:\Program Files\Android\Android Studio\jbr\bin\server

VM Arguments:
java_command: <unknown>
java_class_path (initial): <not set>
Launcher Type: SUN_STANDARD

[Global flags]
     intx CICompilerCount                          = 3                                         {product} {ergonomic}
     uint ConcGCThreads                            = 1                                         {product} {ergonomic}
     uint G1ConcRefinementThreads                  = 4                                         {product} {ergonomic}
   size_t G1HeapRegionSize                         = 1048576                                   {product} {ergonomic}
    uintx GCDrainStackTargetSize                   = 64                                        {product} {ergonomic}
   size_t InitialHeapSize                          = 65011712                                  {product} {ergonomic}
   size_t MarkStackSize                            = 4194304                                   {product} {ergonomic}
   size_t MaxHeapSize                              = 1027604480                                {product} {ergonomic}
   size_t MaxNewSize                               = 616562688                                 {product} {ergonomic}
   size_t MinHeapDeltaBytes                        = 1048576                                   {product} {ergonomic}
   size_t MinHeapSize                              = 8388608                                   {product} {ergonomic}
    uintx NonNMethodCodeHeapSize                   = 5832780                                {pd product} {ergonomic}
    uintx NonProfiledCodeHeapSize                  = 122912730                              {pd product} {ergonomic}
    uintx ProfiledCodeHeapSize                     = 122912730                              {pd product} {ergonomic}
    uintx ReservedCodeCacheSize                    = 251658240                              {pd product} {ergonomic}
     bool SegmentedCodeCache                       = true                                      {product} {ergonomic}
   size_t SoftMaxHeapSize                          = 1027604480                             {manageable} {ergonomic}
     bool UseCompressedClassPointers               = true                           {product lp64_product} {ergonomic}
     bool UseCompressedOops                        = true                           {product lp64_product} {ergonomic}
     bool UseG1GC                                  = true                                      {product} {ergonomic}
     bool UseLargePagesIndividualAllocation        = false                                  {pd product} {ergonomic}

Logging:
Log output configuration:
 #0: stdout all=warning uptime,level,tags
 #1: stderr all=off uptime,level,tags

Environment Variables:
JAVA_HOME=C:\Program Files\Android\Android Studio\jbr
PATH=C:\Program Files\Android\Android Studio\jbr\bin;C:\Program Files\Common Files\Oracle\Java\javapath;C:\Python312\Scripts\;C:\Python312\;C:\Windows\system32;C:\Windows;C:\Windows\System32\Wbem;C:\Windows\System32\WindowsPowerShell\v1.0\;C:\Windows\System32\OpenSSH\;C:\src\flutter\bin;C:\Program Files\nodejs\;C:\ProgramData\chocolatey\bin;C:\Program Files\Git\cmd;C:\Users\Isaac\AppData\Local\Programs\Python\Python313\Scripts\;C:\Users\Isaac\AppData\Local\Programs\Python\Python313\;C:\Users\Isaac\AppData\Local\Microsoft\WindowsApps;C:\Users\Isaac\AppData\Local\Programs\Microsoft VS Code\bin;C:\src\flutter\bin;C:\Users\Isaac\AppData\Roaming\npm;C:\Users\gradle-8.12.1\bin;C:\Users\Isaac\AppData\Local\Programs\Windsurf\bin;C:\src\flutter\bin\mingit\cmd;C:\src\flutter\bin\mingit\cmd
USERNAME=Isaac
OS=Windows_NT
PROCESSOR_IDENTIFIER=Intel64 Family 6 Model 78 Stepping 3, GenuineIntel
TMP=C:\Users\Isaac\AppData\Local\Temp
TEMP=C:\Users\Isaac\AppData\Local\Temp


JNI global refs:
JNI global refs: 1, weak refs: 0

JNI global refs memory usage: 843, weak refs: 209

OOME stack traces (most recent first):
Classloader memory used:
Loader bootstrap                                                                       : 315K


---------------  S Y S T E M  ---------------

OS:
 Windows 11 , 64 bit Build 22621 (10.0.22621.5415)
OS uptime: 3 days 4:37 hours

CPU: total 4 (initial active 4) (2 cores per cpu, 2 threads per core) family 6 model 78 stepping 3 microcode 0xd6, cx8, cmov, fxsr, ht, mmx, 3dnowpref, sse, sse2, sse3, ssse3, sse4.1, sse4.2, popcnt, lzcnt, tsc, tscinvbit, avx, avx2, aes, erms, clmul, bmi1, bmi2, adx, fma, vzeroupper, clflush, clflushopt

Memory: 4k page, system-wide physical 3916M (162M free)
TotalPageFile size 15692M (AvailPageFile size 8M)
current process WorkingSet (physical memory assigned to process): 22M, peak: 22M
current process commit charge ("private bytes"): 121M, peak: 122M

vm_info: OpenJDK 64-Bit Server VM (17.0.7+0-b2043.56-10550314) for windows-amd64 JRE (17.0.7+0-b2043.56-10550314), built on Jul 24 2023 18:27:45 by "androidbuild" with MS VC++ 16.10 / 16.11 (VS2019)

END.
